ARM GAS  C:\Users\koppany\AppData\Local\Temp\ccfiWUpO.s 			page 1


   1              		.syntax unified
   2              		.cpu cortex-m3
   3              		.fpu softvfp
   4              		.eabi_attribute 20, 1
   5              		.eabi_attribute 21, 1
   6              		.eabi_attribute 23, 3
   7              		.eabi_attribute 24, 1
   8              		.eabi_attribute 25, 1
   9              		.eabi_attribute 26, 1
  10              		.eabi_attribute 30, 1
  11              		.eabi_attribute 34, 1
  12              		.eabi_attribute 18, 4
  13              		.thumb
  14              		.syntax unified
  15              		.file	"cymetadata.c"
  16              		.text
  17              	.Ltext0:
  18              		.cfi_sections	.debug_frame
  19              		.global	cy_metadata
  20              		.global	cy_meta_flashprotect
  21              		.global	cy_meta_wonvl
  22              		.global	cy_meta_custnvl
  23              		.global	cy_meta_configecc
  24              		.section	.cyconfigecc,"a",%progbits
  25              		.align	2
  26              		.type	cy_meta_configecc, %object
  27              		.size	cy_meta_configecc, 868
  28              	cy_meta_configecc:
  29 0000 03       		.byte	3
  30 0001 4F       		.byte	79
  31 0002 00       		.byte	0
  32 0003 40       		.byte	64
  33 0004 02       		.byte	2
  34 0005 52       		.byte	82
  35 0006 00       		.byte	0
  36 0007 40       		.byte	64
  37 0008 03       		.byte	3
  38 0009 64       		.byte	100
  39 000a 00       		.byte	0
  40 000b 40       		.byte	64
  41 000c 15       		.byte	21
  42 000d 02       		.byte	2
  43 000e 01       		.byte	1
  44 000f 40       		.byte	64
  45 0010 3B       		.byte	59
  46 0011 03       		.byte	3
  47 0012 01       		.byte	1
  48 0013 40       		.byte	64
  49 0014 34       		.byte	52
  50 0015 04       		.byte	4
  51 0016 01       		.byte	1
  52 0017 40       		.byte	64
  53 0018 4B       		.byte	75
  54 0019 05       		.byte	5
  55 001a 01       		.byte	1
  56 001b 40       		.byte	64
  57 001c 05       		.byte	5
ARM GAS  C:\Users\koppany\AppData\Local\Temp\ccfiWUpO.s 			page 2


  58 001d 07       		.byte	7
  59 001e 01       		.byte	1
  60 001f 40       		.byte	64
  61 0020 04       		.byte	4
  62 0021 14       		.byte	20
  63 0022 01       		.byte	1
  64 0023 40       		.byte	64
  65 0024 03       		.byte	3
  66 0025 15       		.byte	21
  67 0026 01       		.byte	1
  68 0027 40       		.byte	64
  69 0028 07       		.byte	7
  70 0029 42       		.byte	66
  71 002a 01       		.byte	1
  72 002b 40       		.byte	64
  73 002c 02       		.byte	2
  74 002d 43       		.byte	67
  75 002e 01       		.byte	1
  76 002f 40       		.byte	64
  77 0030 04       		.byte	4
  78 0031 48       		.byte	72
  79 0032 01       		.byte	1
  80 0033 40       		.byte	64
  81 0034 06       		.byte	6
  82 0035 49       		.byte	73
  83 0036 01       		.byte	1
  84 0037 40       		.byte	64
  85 0038 03       		.byte	3
  86 0039 50       		.byte	80
  87 003a 01       		.byte	1
  88 003b 40       		.byte	64
  89 003c 01       		.byte	1
  90 003d 10       		.byte	16
  91 003e 0A       		.byte	10
  92 003f 36       		.byte	54
  93 0040 16       		.byte	22
  94 0041 36       		.byte	54
  95 0042 61       		.byte	97
  96 0043 08       		.byte	8
  97 0044 64       		.byte	100
  98 0045 04       		.byte	4
  99 0046 82       		.byte	-126
 100 0047 38       		.byte	56
 101 0048 83       		.byte	-125
 102 0049 72       		.byte	114
 103 004a 84       		.byte	-124
 104 004b 0F       		.byte	15
 105 004c 03       		.byte	3
 106 004d 01       		.byte	1
 107 004e 0C       		.byte	12
 108 004f 04       		.byte	4
 109 0050 10       		.byte	16
 110 0051 01       		.byte	1
 111 0052 1B       		.byte	27
 112 0053 01       		.byte	1
 113 0054 1E       		.byte	30
 114 0055 02       		.byte	2
ARM GAS  C:\Users\koppany\AppData\Local\Temp\ccfiWUpO.s 			page 3


 115 0056 22       		.byte	34
 116 0057 02       		.byte	2
 117 0058 24       		.byte	36
 118 0059 01       		.byte	1
 119 005a 28       		.byte	40
 120 005b 01       		.byte	1
 121 005c 30       		.byte	48
 122 005d 01       		.byte	1
 123 005e 32       		.byte	50
 124 005f 02       		.byte	2
 125 0060 33       		.byte	51
 126 0061 01       		.byte	1
 127 0062 34       		.byte	52
 128 0063 04       		.byte	4
 129 0064 3E       		.byte	62
 130 0065 14       		.byte	20
 131 0066 3F       		.byte	63
 132 0067 04       		.byte	4
 133 0068 54       		.byte	84
 134 0069 18       		.byte	24
 135 006a 58       		.byte	88
 136 006b 04       		.byte	4
 137 006c 59       		.byte	89
 138 006d 04       		.byte	4
 139 006e 5B       		.byte	91
 140 006f 04       		.byte	4
 141 0070 5C       		.byte	92
 142 0071 02       		.byte	2
 143 0072 5D       		.byte	93
 144 0073 20       		.byte	32
 145 0074 5F       		.byte	95
 146 0075 01       		.byte	1
 147 0076 01       		.byte	1
 148 0077 08       		.byte	8
 149 0078 02       		.byte	2
 150 0079 02       		.byte	2
 151 007a 03       		.byte	3
 152 007b 0A       		.byte	10
 153 007c 05       		.byte	5
 154 007d 40       		.byte	64
 155 007e 09       		.byte	9
 156 007f 01       		.byte	1
 157 0080 0A       		.byte	10
 158 0081 04       		.byte	4
 159 0082 0B       		.byte	11
 160 0083 12       		.byte	18
 161 0084 0D       		.byte	13
 162 0085 80       		.byte	-128
 163 0086 0E       		.byte	14
 164 0087 40       		.byte	64
 165 0088 10       		.byte	16
 166 0089 81       		.byte	-127
 167 008a 13       		.byte	19
 168 008b 28       		.byte	40
 169 008c 15       		.byte	21
 170 008d 02       		.byte	2
 171 008e 17       		.byte	23
ARM GAS  C:\Users\koppany\AppData\Local\Temp\ccfiWUpO.s 			page 4


 172 008f 14       		.byte	20
 173 0090 18       		.byte	24
 174 0091 01       		.byte	1
 175 0092 19       		.byte	25
 176 0093 12       		.byte	18
 177 0094 1A       		.byte	26
 178 0095 24       		.byte	36
 179 0096 1B       		.byte	27
 180 0097 08       		.byte	8
 181 0098 1C       		.byte	28
 182 0099 40       		.byte	64
 183 009a 1D       		.byte	29
 184 009b 04       		.byte	4
 185 009c 1F       		.byte	31
 186 009d 21       		.byte	33
 187 009e 20       		.byte	32
 188 009f 02       		.byte	2
 189 00a0 21       		.byte	33
 190 00a1 80       		.byte	-128
 191 00a2 22       		.byte	34
 192 00a3 2A       		.byte	42
 193 00a4 23       		.byte	35
 194 00a5 10       		.byte	16
 195 00a6 25       		.byte	37
 196 00a7 08       		.byte	8
 197 00a8 29       		.byte	41
 198 00a9 18       		.byte	24
 199 00aa 2B       		.byte	43
 200 00ab 02       		.byte	2
 201 00ac 32       		.byte	50
 202 00ad 19       		.byte	25
 203 00ae 36       		.byte	54
 204 00af 20       		.byte	32
 205 00b0 38       		.byte	56
 206 00b1 A8       		.byte	-88
 207 00b2 3B       		.byte	59
 208 00b3 02       		.byte	2
 209 00b4 3F       		.byte	63
 210 00b5 01       		.byte	1
 211 00b6 40       		.byte	64
 212 00b7 41       		.byte	65
 213 00b8 42       		.byte	66
 214 00b9 04       		.byte	4
 215 00ba 45       		.byte	69
 216 00bb 08       		.byte	8
 217 00bc 46       		.byte	70
 218 00bd 20       		.byte	32
 219 00be 48       		.byte	72
 220 00bf 01       		.byte	1
 221 00c0 4B       		.byte	75
 222 00c1 11       		.byte	17
 223 00c2 51       		.byte	81
 224 00c3 01       		.byte	1
 225 00c4 59       		.byte	89
 226 00c5 02       		.byte	2
 227 00c6 5F       		.byte	95
 228 00c7 02       		.byte	2
ARM GAS  C:\Users\koppany\AppData\Local\Temp\ccfiWUpO.s 			page 5


 229 00c8 64       		.byte	100
 230 00c9 02       		.byte	2
 231 00ca 66       		.byte	102
 232 00cb 20       		.byte	32
 233 00cc 68       		.byte	104
 234 00cd 10       		.byte	16
 235 00ce 69       		.byte	105
 236 00cf 10       		.byte	16
 237 00d0 6A       		.byte	106
 238 00d1 40       		.byte	64
 239 00d2 6B       		.byte	107
 240 00d3 14       		.byte	20
 241 00d4 70       		.byte	112
 242 00d5 D4       		.byte	-44
 243 00d6 73       		.byte	115
 244 00d7 28       		.byte	40
 245 00d8 C0       		.byte	-64
 246 00d9 87       		.byte	-121
 247 00da C2       		.byte	-62
 248 00db 9F       		.byte	-97
 249 00dc C4       		.byte	-60
 250 00dd 7F       		.byte	127
 251 00de CA       		.byte	-54
 252 00df 0E       		.byte	14
 253 00e0 CC       		.byte	-52
 254 00e1 27       		.byte	39
 255 00e2 CE       		.byte	-50
 256 00e3 8F       		.byte	-113
 257 00e4 D0       		.byte	-48
 258 00e5 0D       		.byte	13
 259 00e6 D2       		.byte	-46
 260 00e7 0C       		.byte	12
 261 00e8 D6       		.byte	-42
 262 00e9 81       		.byte	-127
 263 00ea D8       		.byte	-40
 264 00eb 30       		.byte	48
 265 00ec 84       		.byte	-124
 266 00ed 0C       		.byte	12
 267 00ee 86       		.byte	-122
 268 00ef 71       		.byte	113
 269 00f0 87       		.byte	-121
 270 00f1 08       		.byte	8
 271 00f2 88       		.byte	-120
 272 00f3 09       		.byte	9
 273 00f4 89       		.byte	-119
 274 00f5 80       		.byte	-128
 275 00f6 8A       		.byte	-118
 276 00f7 D0       		.byte	-48
 277 00f8 8B       		.byte	-117
 278 00f9 13       		.byte	19
 279 00fa 90       		.byte	-112
 280 00fb 10       		.byte	16
 281 00fc 91       		.byte	-111
 282 00fd 2C       		.byte	44
 283 00fe 92       		.byte	-110
 284 00ff AC       		.byte	-84
 285 0100 93       		.byte	-109
ARM GAS  C:\Users\koppany\AppData\Local\Temp\ccfiWUpO.s 			page 6


 286 0101 43       		.byte	67
 287 0102 96       		.byte	-106
 288 0103 20       		.byte	32
 289 0104 97       		.byte	-105
 290 0105 0C       		.byte	12
 291 0106 9E       		.byte	-98
 292 0107 03       		.byte	3
 293 0108 A0       		.byte	-96
 294 0109 DC       		.byte	-36
 295 010a A2       		.byte	-94
 296 010b 22       		.byte	34
 297 010c A4       		.byte	-92
 298 010d 14       		.byte	20
 299 010e A5       		.byte	-91
 300 010f 71       		.byte	113
 301 0110 A7       		.byte	-89
 302 0111 0E       		.byte	14
 303 0112 A8       		.byte	-88
 304 0113 10       		.byte	16
 305 0114 AA       		.byte	-86
 306 0115 40       		.byte	64
 307 0116 AD       		.byte	-83
 308 0117 71       		.byte	113
 309 0118 AF       		.byte	-81
 310 0119 06       		.byte	6
 311 011a B3       		.byte	-77
 312 011b 30       		.byte	48
 313 011c B4       		.byte	-76
 314 011d E0       		.byte	-32
 315 011e B5       		.byte	-75
 316 011f C0       		.byte	-64
 317 0120 B6       		.byte	-74
 318 0121 1F       		.byte	31
 319 0122 B7       		.byte	-73
 320 0123 0F       		.byte	15
 321 0124 B9       		.byte	-71
 322 0125 28       		.byte	40
 323 0126 BA       		.byte	-70
 324 0127 20       		.byte	32
 325 0128 BB       		.byte	-69
 326 0129 80       		.byte	-128
 327 012a BF       		.byte	-65
 328 012b 04       		.byte	4
 329 012c C0       		.byte	-64
 330 012d 02       		.byte	2
 331 012e C7       		.byte	-57
 332 012f 04       		.byte	4
 333 0130 C9       		.byte	-55
 334 0131 FF       		.byte	-1
 335 0132 CA       		.byte	-54
 336 0133 07       		.byte	7
 337 0134 CB       		.byte	-53
 338 0135 FF       		.byte	-1
 339 0136 CC       		.byte	-52
 340 0137 40       		.byte	64
 341 0138 CD       		.byte	-51
 342 0139 20       		.byte	32
ARM GAS  C:\Users\koppany\AppData\Local\Temp\ccfiWUpO.s 			page 7


 343 013a CE       		.byte	-50
 344 013b F0       		.byte	-16
 345 013c CF       		.byte	-49
 346 013d 05       		.byte	5
 347 013e D0       		.byte	-48
 348 013f 08       		.byte	8
 349 0140 D8       		.byte	-40
 350 0141 04       		.byte	4
 351 0142 D9       		.byte	-39
 352 0143 04       		.byte	4
 353 0144 DA       		.byte	-38
 354 0145 04       		.byte	4
 355 0146 DC       		.byte	-36
 356 0147 22       		.byte	34
 357 0148 DD       		.byte	-35
 358 0149 02       		.byte	2
 359 014a DF       		.byte	-33
 360 014b 01       		.byte	1
 361 014c E0       		.byte	-32
 362 014d 40       		.byte	64
 363 014e E1       		.byte	-31
 364 014f A8       		.byte	-88
 365 0150 E2       		.byte	-30
 366 0151 40       		.byte	64
 367 0152 E3       		.byte	-29
 368 0153 20       		.byte	32
 369 0154 00       		.byte	0
 370 0155 28       		.byte	40
 371 0156 02       		.byte	2
 372 0157 44       		.byte	68
 373 0158 03       		.byte	3
 374 0159 01       		.byte	1
 375 015a 04       		.byte	4
 376 015b 04       		.byte	4
 377 015c 07       		.byte	7
 378 015d 04       		.byte	4
 379 015e 09       		.byte	9
 380 015f 08       		.byte	8
 381 0160 0A       		.byte	10
 382 0161 44       		.byte	68
 383 0162 0E       		.byte	14
 384 0163 42       		.byte	66
 385 0164 0F       		.byte	15
 386 0165 20       		.byte	32
 387 0166 11       		.byte	17
 388 0167 52       		.byte	82
 389 0168 13       		.byte	19
 390 0169 08       		.byte	8
 391 016a 15       		.byte	21
 392 016b 08       		.byte	8
 393 016c 16       		.byte	22
 394 016d 08       		.byte	8
 395 016e 17       		.byte	23
 396 016f 01       		.byte	1
 397 0170 18       		.byte	24
 398 0171 08       		.byte	8
 399 0172 19       		.byte	25
ARM GAS  C:\Users\koppany\AppData\Local\Temp\ccfiWUpO.s 			page 8


 400 0173 80       		.byte	-128
 401 0174 1A       		.byte	26
 402 0175 40       		.byte	64
 403 0176 1C       		.byte	28
 404 0177 04       		.byte	4
 405 0178 1D       		.byte	29
 406 0179 40       		.byte	64
 407 017a 1E       		.byte	30
 408 017b 06       		.byte	6
 409 017c 1F       		.byte	31
 410 017d 20       		.byte	32
 411 017e 20       		.byte	32
 412 017f 08       		.byte	8
 413 0180 22       		.byte	34
 414 0181 05       		.byte	5
 415 0182 23       		.byte	35
 416 0183 06       		.byte	6
 417 0184 27       		.byte	39
 418 0185 2D       		.byte	45
 419 0186 29       		.byte	41
 420 0187 10       		.byte	16
 421 0188 2A       		.byte	42
 422 0189 06       		.byte	6
 423 018a 2B       		.byte	43
 424 018b 02       		.byte	2
 425 018c 2E       		.byte	46
 426 018d 40       		.byte	64
 427 018e 2F       		.byte	47
 428 018f 20       		.byte	32
 429 0190 31       		.byte	49
 430 0191 01       		.byte	1
 431 0192 32       		.byte	50
 432 0193 58       		.byte	88
 433 0194 37       		.byte	55
 434 0195 05       		.byte	5
 435 0196 38       		.byte	56
 436 0197 40       		.byte	64
 437 0198 39       		.byte	57
 438 0199 10       		.byte	16
 439 019a 3B       		.byte	59
 440 019b 04       		.byte	4
 441 019c 3E       		.byte	62
 442 019d 08       		.byte	8
 443 019e 3F       		.byte	63
 444 019f 20       		.byte	32
 445 01a0 41       		.byte	65
 446 01a1 08       		.byte	8
 447 01a2 42       		.byte	66
 448 01a3 64       		.byte	100
 449 01a4 47       		.byte	71
 450 01a5 20       		.byte	32
 451 01a6 49       		.byte	73
 452 01a7 01       		.byte	1
 453 01a8 51       		.byte	81
 454 01a9 04       		.byte	4
 455 01aa 52       		.byte	82
 456 01ab 40       		.byte	64
ARM GAS  C:\Users\koppany\AppData\Local\Temp\ccfiWUpO.s 			page 9


 457 01ac 53       		.byte	83
 458 01ad 80       		.byte	-128
 459 01ae 56       		.byte	86
 460 01af 28       		.byte	40
 461 01b0 57       		.byte	87
 462 01b1 10       		.byte	16
 463 01b2 58       		.byte	88
 464 01b3 20       		.byte	32
 465 01b4 59       		.byte	89
 466 01b5 81       		.byte	-127
 467 01b6 5A       		.byte	90
 468 01b7 08       		.byte	8
 469 01b8 84       		.byte	-124
 470 01b9 01       		.byte	1
 471 01ba 87       		.byte	-121
 472 01bb 04       		.byte	4
 473 01bc 90       		.byte	-112
 474 01bd 40       		.byte	64
 475 01be 91       		.byte	-111
 476 01bf 10       		.byte	16
 477 01c0 92       		.byte	-110
 478 01c1 20       		.byte	32
 479 01c2 96       		.byte	-106
 480 01c3 02       		.byte	2
 481 01c4 99       		.byte	-103
 482 01c5 10       		.byte	16
 483 01c6 9C       		.byte	-100
 484 01c7 01       		.byte	1
 485 01c8 9D       		.byte	-99
 486 01c9 48       		.byte	72
 487 01ca 9F       		.byte	-97
 488 01cb 02       		.byte	2
 489 01cc A0       		.byte	-96
 490 01cd 10       		.byte	16
 491 01ce A2       		.byte	-94
 492 01cf 08       		.byte	8
 493 01d0 A3       		.byte	-93
 494 01d1 02       		.byte	2
 495 01d2 A5       		.byte	-91
 496 01d3 01       		.byte	1
 497 01d4 A8       		.byte	-88
 498 01d5 02       		.byte	2
 499 01d6 A9       		.byte	-87
 500 01d7 04       		.byte	4
 501 01d8 AF       		.byte	-81
 502 01d9 20       		.byte	32
 503 01da C0       		.byte	-64
 504 01db 6F       		.byte	111
 505 01dc C2       		.byte	-62
 506 01dd BE       		.byte	-66
 507 01de C4       		.byte	-60
 508 01df 7F       		.byte	127
 509 01e0 CA       		.byte	-54
 510 01e1 5F       		.byte	95
 511 01e2 CC       		.byte	-52
 512 01e3 CF       		.byte	-49
 513 01e4 CE       		.byte	-50
ARM GAS  C:\Users\koppany\AppData\Local\Temp\ccfiWUpO.s 			page 10


 514 01e5 6E       		.byte	110
 515 01e6 D0       		.byte	-48
 516 01e7 27       		.byte	39
 517 01e8 D6       		.byte	-42
 518 01e9 0F       		.byte	15
 519 01ea A8       		.byte	-88
 520 01eb 04       		.byte	4
 521 01ec A9       		.byte	-87
 522 01ed 49       		.byte	73
 523 01ee AA       		.byte	-86
 524 01ef 42       		.byte	66
 525 01f0 AC       		.byte	-84
 526 01f1 20       		.byte	32
 527 01f2 AF       		.byte	-81
 528 01f3 80       		.byte	-128
 529 01f4 39       		.byte	57
 530 01f5 02       		.byte	2
 531 01f6 3F       		.byte	63
 532 01f7 01       		.byte	1
 533 01f8 59       		.byte	89
 534 01f9 04       		.byte	4
 535 01fa 5F       		.byte	95
 536 01fb 01       		.byte	1
 537 01fc 21       		.byte	33
 538 01fd 03       		.byte	3
 539 01fe 81       		.byte	-127
 540 01ff 02       		.byte	2
 541 0200 85       		.byte	-123
 542 0201 01       		.byte	1
 543 0202 03       		.byte	3
 544 0203 20       		.byte	32
 545 0204 53       		.byte	83
 546 0205 80       		.byte	-128
 547 0206 A3       		.byte	-93
 548 0207 80       		.byte	-128
 549 0208 AF       		.byte	-81
 550 0209 80       		.byte	-128
 551 020a C0       		.byte	-64
 552 020b 10       		.byte	16
 553 020c D4       		.byte	-44
 554 020d 20       		.byte	32
 555 020e EE       		.byte	-18
 556 020f 10       		.byte	16
 557 0210 AB       		.byte	-85
 558 0211 20       		.byte	32
 559 0212 EC       		.byte	-20
 560 0213 20       		.byte	32
 561 0214 67       		.byte	103
 562 0215 40       		.byte	64
 563 0216 6B       		.byte	107
 564 0217 04       		.byte	4
 565 0218 D8       		.byte	-40
 566 0219 80       		.byte	-128
 567 021a DA       		.byte	-38
 568 021b 40       		.byte	64
 569 021c 83       		.byte	-125
 570 021d 04       		.byte	4
ARM GAS  C:\Users\koppany\AppData\Local\Temp\ccfiWUpO.s 			page 11


 571 021e 87       		.byte	-121
 572 021f 40       		.byte	64
 573 0220 97       		.byte	-105
 574 0221 40       		.byte	64
 575 0222 9F       		.byte	-97
 576 0223 04       		.byte	4
 577 0224 E2       		.byte	-30
 578 0225 80       		.byte	-128
 579 0226 E6       		.byte	-26
 580 0227 40       		.byte	64
 581 0228 00       		.byte	0
 582 0229 04       		.byte	4
 583 022a 08       		.byte	8
 584 022b 04       		.byte	4
 585 022c 0A       		.byte	10
 586 022d 04       		.byte	4
 587 022e 00       		.byte	0
 588 022f 00       		.byte	0
 589 0230 00       		.byte	0
 590 0231 00       		.byte	0
 591 0232 00       		.byte	0
 592 0233 23       		.byte	35
 593 0234 01       		.byte	1
 594 0235 18       		.byte	24
 595 0236 80       		.byte	-128
 596 0237 00       		.byte	0
 597 0238 1F       		.byte	31
 598 0239 08       		.byte	8
 599 023a 20       		.byte	32
 600 023b 00       		.byte	0
 601 023c 1C       		.byte	28
 602 023d 10       		.byte	16
 603 023e 23       		.byte	35
 604 023f 00       		.byte	0
 605 0240 03       		.byte	3
 606 0241 00       		.byte	0
 607 0242 40       		.byte	64
 608 0243 04       		.byte	4
 609 0244 3F       		.byte	63
 610 0245 7F       		.byte	127
 611 0246 00       		.byte	0
 612 0247 00       		.byte	0
 613 0248 33       		.byte	51
 614 0249 1C       		.byte	28
 615 024a 0C       		.byte	12
 616 024b 61       		.byte	97
 617 024c 00       		.byte	0
 618 024d 00       		.byte	0
 619 024e 23       		.byte	35
 620 024f 00       		.byte	0
 621 0250 08       		.byte	8
 622 0251 00       		.byte	0
 623 0252 00       		.byte	0
 624 0253 00       		.byte	0
 625 0254 04       		.byte	4
 626 0255 04       		.byte	4
 627 0256 00       		.byte	0
ARM GAS  C:\Users\koppany\AppData\Local\Temp\ccfiWUpO.s 			page 12


 628 0257 00       		.byte	0
 629 0258 0C       		.byte	12
 630 0259 67       		.byte	103
 631 025a 00       		.byte	0
 632 025b 18       		.byte	24
 633 025c 02       		.byte	2
 634 025d 3C       		.byte	60
 635 025e 80       		.byte	-128
 636 025f 42       		.byte	66
 637 0260 10       		.byte	16
 638 0261 1F       		.byte	31
 639 0262 2C       		.byte	44
 640 0263 00       		.byte	0
 641 0264 0F       		.byte	15
 642 0265 40       		.byte	64
 643 0266 C0       		.byte	-64
 644 0267 38       		.byte	56
 645 0268 00       		.byte	0
 646 0269 20       		.byte	32
 647 026a 28       		.byte	40
 648 026b 0A       		.byte	10
 649 026c 00       		.byte	0
 650 026d 00       		.byte	0
 651 026e 41       		.byte	65
 652 026f 00       		.byte	0
 653 0270 24       		.byte	36
 654 0271 06       		.byte	6
 655 0272 05       		.byte	5
 656 0273 00       		.byte	0
 657 0274 01       		.byte	1
 658 0275 E0       		.byte	-32
 659 0276 00       		.byte	0
 660 0277 C0       		.byte	-64
 661 0278 22       		.byte	34
 662 0279 FF       		.byte	-1
 663 027a FF       		.byte	-1
 664 027b FF       		.byte	-1
 665 027c 62       		.byte	98
 666 027d A0       		.byte	-96
 667 027e F0       		.byte	-16
 668 027f 41       		.byte	65
 669 0280 0C       		.byte	12
 670 0281 00       		.byte	0
 671 0282 00       		.byte	0
 672 0283 00       		.byte	0
 673 0284 00       		.byte	0
 674 0285 00       		.byte	0
 675 0286 02       		.byte	2
 676 0287 13       		.byte	19
 677 0288 04       		.byte	4
 678 0289 04       		.byte	4
 679 028a 04       		.byte	4
 680 028b 04       		.byte	4
 681 028c 22       		.byte	34
 682 028d 22       		.byte	34
 683 028e 00       		.byte	0
 684 028f 01       		.byte	1
ARM GAS  C:\Users\koppany\AppData\Local\Temp\ccfiWUpO.s 			page 13


 685 0290 00       		.byte	0
 686 0291 00       		.byte	0
 687 0292 00       		.byte	0
 688 0293 00       		.byte	0
 689 0294 00       		.byte	0
 690 0295 00       		.byte	0
 691 0296 40       		.byte	64
 692 0297 02       		.byte	2
 693 0298 00       		.byte	0
 694 0299 10       		.byte	16
 695 029a 30       		.byte	48
 696 029b 10       		.byte	16
 697 029c 00       		.byte	0
 698 029d 10       		.byte	16
 699 029e 10       		.byte	16
 700 029f 12       		.byte	18
 701 02a0 00       		.byte	0
 702 02a1 00       		.byte	0
 703 02a2 00       		.byte	0
 704 02a3 00       		.byte	0
 705 02a4 00       		.byte	0
 706 02a5 00       		.byte	0
 707 02a6 00       		.byte	0
 708 02a7 00       		.byte	0
 709 02a8 00       		.byte	0
 710 02a9 00       		.byte	0
 711 02aa 00       		.byte	0
 712 02ab 00       		.byte	0
 713 02ac 00       		.byte	0
 714 02ad 00       		.byte	0
 715 02ae 00       		.byte	0
 716 02af 00       		.byte	0
 717 02b0 03       		.byte	3
 718 02b1 00       		.byte	0
 719 02b2 14       		.byte	20
 720 02b3 00       		.byte	0
 721 02b4 80       		.byte	-128
 722 02b5 28       		.byte	40
 723 02b6 20       		.byte	32
 724 02b7 04       		.byte	4
 725 02b8 E0       		.byte	-32
 726 02b9 0C       		.byte	12
 727 02ba 00       		.byte	0
 728 02bb 00       		.byte	0
 729 02bc 0A       		.byte	10
 730 02bd 00       		.byte	0
 731 02be 14       		.byte	20
 732 02bf 30       		.byte	48
 733 02c0 13       		.byte	19
 734 02c1 01       		.byte	1
 735 02c2 0C       		.byte	12
 736 02c3 00       		.byte	0
 737 02c4 00       		.byte	0
 738 02c5 30       		.byte	48
 739 02c6 15       		.byte	21
 740 02c7 00       		.byte	0
 741 02c8 13       		.byte	19
ARM GAS  C:\Users\koppany\AppData\Local\Temp\ccfiWUpO.s 			page 14


 742 02c9 00       		.byte	0
 743 02ca 04       		.byte	4
 744 02cb 30       		.byte	48
 745 02cc 00       		.byte	0
 746 02cd 30       		.byte	48
 747 02ce 00       		.byte	0
 748 02cf 00       		.byte	0
 749 02d0 20       		.byte	32
 750 02d1 14       		.byte	20
 751 02d2 C0       		.byte	-64
 752 02d3 0A       		.byte	10
 753 02d4 00       		.byte	0
 754 02d5 0C       		.byte	12
 755 02d6 08       		.byte	8
 756 02d7 00       		.byte	0
 757 02d8 E0       		.byte	-32
 758 02d9 30       		.byte	48
 759 02da 00       		.byte	0
 760 02db 00       		.byte	0
 761 02dc 40       		.byte	64
 762 02dd 00       		.byte	0
 763 02de 20       		.byte	32
 764 02df 30       		.byte	48
 765 02e0 0F       		.byte	15
 766 02e1 02       		.byte	2
 767 02e2 00       		.byte	0
 768 02e3 01       		.byte	1
 769 02e4 E0       		.byte	-32
 770 02e5 0C       		.byte	12
 771 02e6 10       		.byte	16
 772 02e7 30       		.byte	48
 773 02e8 00       		.byte	0
 774 02e9 00       		.byte	0
 775 02ea 02       		.byte	2
 776 02eb 00       		.byte	0
 777 02ec 00       		.byte	0
 778 02ed 00       		.byte	0
 779 02ee 40       		.byte	64
 780 02ef 04       		.byte	4
 781 02f0 43       		.byte	67
 782 02f1 02       		.byte	2
 783 02f2 00       		.byte	0
 784 02f3 00       		.byte	0
 785 02f4 00       		.byte	0
 786 02f5 E0       		.byte	-32
 787 02f6 0C       		.byte	12
 788 02f7 0B       		.byte	11
 789 02f8 16       		.byte	22
 790 02f9 FF       		.byte	-1
 791 02fa FF       		.byte	-1
 792 02fb FF       		.byte	-1
 793 02fc 00       		.byte	0
 794 02fd 00       		.byte	0
 795 02fe F0       		.byte	-16
 796 02ff 44       		.byte	68
 797 0300 0C       		.byte	12
 798 0301 00       		.byte	0
ARM GAS  C:\Users\koppany\AppData\Local\Temp\ccfiWUpO.s 			page 15


 799 0302 00       		.byte	0
 800 0303 00       		.byte	0
 801 0304 01       		.byte	1
 802 0305 00       		.byte	0
 803 0306 00       		.byte	0
 804 0307 00       		.byte	0
 805 0308 04       		.byte	4
 806 0309 04       		.byte	4
 807 030a 04       		.byte	4
 808 030b 04       		.byte	4
 809 030c 22       		.byte	34
 810 030d 22       		.byte	34
 811 030e 00       		.byte	0
 812 030f 01       		.byte	1
 813 0310 00       		.byte	0
 814 0311 00       		.byte	0
 815 0312 00       		.byte	0
 816 0313 00       		.byte	0
 817 0314 00       		.byte	0
 818 0315 00       		.byte	0
 819 0316 C0       		.byte	-64
 820 0317 00       		.byte	0
 821 0318 00       		.byte	0
 822 0319 00       		.byte	0
 823 031a 40       		.byte	64
 824 031b 02       		.byte	2
 825 031c 00       		.byte	0
 826 031d 00       		.byte	0
 827 031e 00       		.byte	0
 828 031f 00       		.byte	0
 829 0320 00       		.byte	0
 830 0321 00       		.byte	0
 831 0322 00       		.byte	0
 832 0323 00       		.byte	0
 833 0324 00       		.byte	0
 834 0325 00       		.byte	0
 835 0326 00       		.byte	0
 836 0327 00       		.byte	0
 837 0328 00       		.byte	0
 838 0329 00       		.byte	0
 839 032a 00       		.byte	0
 840 032b 00       		.byte	0
 841 032c 00       		.byte	0
 842 032d 00       		.byte	0
 843 032e 00       		.byte	0
 844 032f 00       		.byte	0
 845 0330 07       		.byte	7
 846 0331 00       		.byte	0
 847 0332 00       		.byte	0
 848 0333 3F       		.byte	63
 849 0334 38       		.byte	56
 850 0335 00       		.byte	0
 851 0336 00       		.byte	0
 852 0337 00       		.byte	0
 853 0338 00       		.byte	0
 854 0339 00       		.byte	0
 855 033a 00       		.byte	0
ARM GAS  C:\Users\koppany\AppData\Local\Temp\ccfiWUpO.s 			page 16


 856 033b 00       		.byte	0
 857 033c 08       		.byte	8
 858 033d 00       		.byte	0
 859 033e 04       		.byte	4
 860 033f 08       		.byte	8
 861 0340 08       		.byte	8
 862 0341 00       		.byte	0
 863 0342 08       		.byte	8
 864 0343 00       		.byte	0
 865 0344 00       		.byte	0
 866 0345 08       		.byte	8
 867 0346 00       		.byte	0
 868 0347 00       		.byte	0
 869 0348 00       		.byte	0
 870 0349 08       		.byte	8
 871 034a 00       		.byte	0
 872 034b 04       		.byte	4
 873 034c 00       		.byte	0
 874 034d 00       		.byte	0
 875 034e 00       		.byte	0
 876 034f 00       		.byte	0
 877 0350 00       		.byte	0
 878 0351 0B       		.byte	11
 879 0352 0B       		.byte	11
 880 0353 00       		.byte	0
 881 0354 00       		.byte	0
 882 0355 00       		.byte	0
 883 0356 00       		.byte	0
 884 0357 00       		.byte	0
 885 0358 04       		.byte	4
 886 0359 00       		.byte	0
 887 035a 00       		.byte	0
 888 035b 06       		.byte	6
 889 035c 02       		.byte	2
 890 035d 00       		.byte	0
 891 035e 00       		.byte	0
 892 035f 00       		.byte	0
 893 0360 00       		.byte	0
 894 0361 00       		.byte	0
 895 0362 00       		.byte	0
 896 0363 00       		.byte	0
 897              		.section	.cywolatch,"a",%progbits
 898              		.align	2
 899              		.type	cy_meta_wonvl, %object
 900              		.size	cy_meta_wonvl, 4
 901              	cy_meta_wonvl:
 902 0000 BC       		.byte	-68
 903 0001 90       		.byte	-112
 904 0002 AC       		.byte	-84
 905 0003 AF       		.byte	-81
 906              		.section	.cycustnvl,"a",%progbits
 907              		.align	2
 908              		.type	cy_meta_custnvl, %object
 909              		.size	cy_meta_custnvl, 4
 910              	cy_meta_custnvl:
 911 0000 00       		.byte	0
 912 0001 00       		.byte	0
ARM GAS  C:\Users\koppany\AppData\Local\Temp\ccfiWUpO.s 			page 17


 913 0002 40       		.byte	64
 914 0003 05       		.byte	5
 915              		.section	.cymeta,"a",%progbits
 916              		.align	2
 917              		.type	cy_metadata, %object
 918              		.size	cy_metadata, 12
 919              	cy_metadata:
 920 0000 00       		.byte	0
 921 0001 01       		.byte	1
 922 0002 2E       		.byte	46
 923 0003 16       		.byte	22
 924 0004 10       		.byte	16
 925 0005 69       		.byte	105
 926 0006 00       		.byte	0
 927 0007 01       		.byte	1
 928 0008 00       		.byte	0
 929 0009 00       		.byte	0
 930 000a 00       		.byte	0
 931 000b 00       		.byte	0
 932              		.section	.cyflashprotect,"a",%progbits
 933              		.align	2
 934              		.type	cy_meta_flashprotect, %object
 935              		.size	cy_meta_flashprotect, 256
 936              	cy_meta_flashprotect:
 937 0000 00000000 		.space	256
 937      00000000 
 937      00000000 
 937      00000000 
 937      00000000 
 938              		.text
 939              	.Letext0:
 940              		.file 1 "c:\\program files (x86)\\cypress\\psoc creator\\4.4\\psoc creator\\import\\gnu\\arm\\5.4.
 941              		.file 2 "c:\\program files (x86)\\cypress\\psoc creator\\4.4\\psoc creator\\import\\gnu\\arm\\5.4.
 942              		.file 3 "Generated_Source\\PSoC5\\cymetadata.c"
 943              		.section	.debug_info,"",%progbits
 944              	.Ldebug_info0:
 945 0000 31010000 		.4byte	0x131
 946 0004 0400     		.2byte	0x4
 947 0006 00000000 		.4byte	.Ldebug_abbrev0
 948 000a 04       		.byte	0x4
 949 000b 01       		.uleb128 0x1
 950 000c 24000000 		.4byte	.LASF17
 951 0010 0C       		.byte	0xc
 952 0011 D5010000 		.4byte	.LASF18
 953 0015 5F010000 		.4byte	.LASF19
 954 0019 00000000 		.4byte	.Ldebug_line0
 955 001d 02       		.uleb128 0x2
 956 001e 01       		.byte	0x1
 957 001f 06       		.byte	0x6
 958 0020 C9010000 		.4byte	.LASF0
 959 0024 03       		.uleb128 0x3
 960 0025 00000000 		.4byte	.LASF9
 961 0029 01       		.byte	0x1
 962 002a 1D       		.byte	0x1d
 963 002b 2F000000 		.4byte	0x2f
 964 002f 02       		.uleb128 0x2
 965 0030 01       		.byte	0x1
ARM GAS  C:\Users\koppany\AppData\Local\Temp\ccfiWUpO.s 			page 18


 966 0031 08       		.byte	0x8
 967 0032 16000000 		.4byte	.LASF1
 968 0036 02       		.uleb128 0x2
 969 0037 02       		.byte	0x2
 970 0038 05       		.byte	0x5
 971 0039 B6010000 		.4byte	.LASF2
 972 003d 02       		.uleb128 0x2
 973 003e 02       		.byte	0x2
 974 003f 07       		.byte	0x7
 975 0040 C4000000 		.4byte	.LASF3
 976 0044 02       		.uleb128 0x2
 977 0045 04       		.byte	0x4
 978 0046 05       		.byte	0x5
 979 0047 C0010000 		.4byte	.LASF4
 980 004b 02       		.uleb128 0x2
 981 004c 04       		.byte	0x4
 982 004d 07       		.byte	0x7
 983 004e B2000000 		.4byte	.LASF5
 984 0052 02       		.uleb128 0x2
 985 0053 08       		.byte	0x8
 986 0054 05       		.byte	0x5
 987 0055 51010000 		.4byte	.LASF6
 988 0059 02       		.uleb128 0x2
 989 005a 08       		.byte	0x8
 990 005b 07       		.byte	0x7
 991 005c 06010000 		.4byte	.LASF7
 992 0060 04       		.uleb128 0x4
 993 0061 04       		.byte	0x4
 994 0062 05       		.byte	0x5
 995 0063 696E7400 		.ascii	"int\000"
 996 0067 02       		.uleb128 0x2
 997 0068 04       		.byte	0x4
 998 0069 07       		.byte	0x7
 999 006a F9000000 		.4byte	.LASF8
 1000 006e 03       		.uleb128 0x3
 1001 006f 1D010000 		.4byte	.LASF10
 1002 0073 02       		.byte	0x2
 1003 0074 18       		.byte	0x18
 1004 0075 24000000 		.4byte	0x24
 1005 0079 05       		.uleb128 0x5
 1006 007a 91000000 		.4byte	0x91
 1007 007e 8A000000 		.4byte	0x8a
 1008 0082 06       		.uleb128 0x6
 1009 0083 8A000000 		.4byte	0x8a
 1010 0087 6303     		.2byte	0x363
 1011 0089 00       		.byte	0
 1012 008a 02       		.uleb128 0x2
 1013 008b 04       		.byte	0x4
 1014 008c 07       		.byte	0x7
 1015 008d 48010000 		.4byte	.LASF11
 1016 0091 07       		.uleb128 0x7
 1017 0092 6E000000 		.4byte	0x6e
 1018 0096 08       		.uleb128 0x8
 1019 0097 E7000000 		.4byte	.LASF12
 1020 009b 03       		.byte	0x3
 1021 009c 1F       		.byte	0x1f
 1022 009d A7000000 		.4byte	0xa7
ARM GAS  C:\Users\koppany\AppData\Local\Temp\ccfiWUpO.s 			page 19


 1023 00a1 05       		.uleb128 0x5
 1024 00a2 03       		.byte	0x3
 1025 00a3 00000000 		.4byte	cy_meta_configecc
 1026 00a7 07       		.uleb128 0x7
 1027 00a8 79000000 		.4byte	0x79
 1028 00ac 05       		.uleb128 0x5
 1029 00ad 91000000 		.4byte	0x91
 1030 00b1 BC000000 		.4byte	0xbc
 1031 00b5 09       		.uleb128 0x9
 1032 00b6 8A000000 		.4byte	0x8a
 1033 00ba 03       		.byte	0x3
 1034 00bb 00       		.byte	0
 1035 00bc 08       		.uleb128 0x8
 1036 00bd D7000000 		.4byte	.LASF13
 1037 00c1 03       		.byte	0x3
 1038 00c2 99       		.byte	0x99
 1039 00c3 CD000000 		.4byte	0xcd
 1040 00c7 05       		.uleb128 0x5
 1041 00c8 03       		.byte	0x3
 1042 00c9 00000000 		.4byte	cy_meta_custnvl
 1043 00cd 07       		.uleb128 0x7
 1044 00ce AC000000 		.4byte	0xac
 1045 00d2 08       		.uleb128 0x8
 1046 00d3 3A010000 		.4byte	.LASF14
 1047 00d7 03       		.byte	0x3
 1048 00d8 A7       		.byte	0xa7
 1049 00d9 E3000000 		.4byte	0xe3
 1050 00dd 05       		.uleb128 0x5
 1051 00de 03       		.byte	0x3
 1052 00df 00000000 		.4byte	cy_meta_wonvl
 1053 00e3 07       		.uleb128 0x7
 1054 00e4 AC000000 		.4byte	0xac
 1055 00e8 05       		.uleb128 0x5
 1056 00e9 91000000 		.4byte	0x91
 1057 00ed F8000000 		.4byte	0xf8
 1058 00f1 09       		.uleb128 0x9
 1059 00f2 8A000000 		.4byte	0x8a
 1060 00f6 FF       		.byte	0xff
 1061 00f7 00       		.byte	0
 1062 00f8 08       		.uleb128 0x8
 1063 00f9 25010000 		.4byte	.LASF15
 1064 00fd 03       		.byte	0x3
 1065 00fe B5       		.byte	0xb5
 1066 00ff 09010000 		.4byte	0x109
 1067 0103 05       		.uleb128 0x5
 1068 0104 03       		.byte	0x3
 1069 0105 00000000 		.4byte	cy_meta_flashprotect
 1070 0109 07       		.uleb128 0x7
 1071 010a E8000000 		.4byte	0xe8
 1072 010e 05       		.uleb128 0x5
 1073 010f 91000000 		.4byte	0x91
 1074 0113 1E010000 		.4byte	0x11e
 1075 0117 09       		.uleb128 0x9
 1076 0118 8A000000 		.4byte	0x8a
 1077 011c 0B       		.byte	0xb
 1078 011d 00       		.byte	0
 1079 011e 08       		.uleb128 0x8
ARM GAS  C:\Users\koppany\AppData\Local\Temp\ccfiWUpO.s 			page 20


 1080 011f 0A000000 		.4byte	.LASF16
 1081 0123 03       		.byte	0x3
 1082 0124 E2       		.byte	0xe2
 1083 0125 2F010000 		.4byte	0x12f
 1084 0129 05       		.uleb128 0x5
 1085 012a 03       		.byte	0x3
 1086 012b 00000000 		.4byte	cy_metadata
 1087 012f 07       		.uleb128 0x7
 1088 0130 0E010000 		.4byte	0x10e
 1089 0134 00       		.byte	0
 1090              		.section	.debug_abbrev,"",%progbits
 1091              	.Ldebug_abbrev0:
 1092 0000 01       		.uleb128 0x1
 1093 0001 11       		.uleb128 0x11
 1094 0002 01       		.byte	0x1
 1095 0003 25       		.uleb128 0x25
 1096 0004 0E       		.uleb128 0xe
 1097 0005 13       		.uleb128 0x13
 1098 0006 0B       		.uleb128 0xb
 1099 0007 03       		.uleb128 0x3
 1100 0008 0E       		.uleb128 0xe
 1101 0009 1B       		.uleb128 0x1b
 1102 000a 0E       		.uleb128 0xe
 1103 000b 10       		.uleb128 0x10
 1104 000c 17       		.uleb128 0x17
 1105 000d 00       		.byte	0
 1106 000e 00       		.byte	0
 1107 000f 02       		.uleb128 0x2
 1108 0010 24       		.uleb128 0x24
 1109 0011 00       		.byte	0
 1110 0012 0B       		.uleb128 0xb
 1111 0013 0B       		.uleb128 0xb
 1112 0014 3E       		.uleb128 0x3e
 1113 0015 0B       		.uleb128 0xb
 1114 0016 03       		.uleb128 0x3
 1115 0017 0E       		.uleb128 0xe
 1116 0018 00       		.byte	0
 1117 0019 00       		.byte	0
 1118 001a 03       		.uleb128 0x3
 1119 001b 16       		.uleb128 0x16
 1120 001c 00       		.byte	0
 1121 001d 03       		.uleb128 0x3
 1122 001e 0E       		.uleb128 0xe
 1123 001f 3A       		.uleb128 0x3a
 1124 0020 0B       		.uleb128 0xb
 1125 0021 3B       		.uleb128 0x3b
 1126 0022 0B       		.uleb128 0xb
 1127 0023 49       		.uleb128 0x49
 1128 0024 13       		.uleb128 0x13
 1129 0025 00       		.byte	0
 1130 0026 00       		.byte	0
 1131 0027 04       		.uleb128 0x4
 1132 0028 24       		.uleb128 0x24
 1133 0029 00       		.byte	0
 1134 002a 0B       		.uleb128 0xb
 1135 002b 0B       		.uleb128 0xb
 1136 002c 3E       		.uleb128 0x3e
ARM GAS  C:\Users\koppany\AppData\Local\Temp\ccfiWUpO.s 			page 21


 1137 002d 0B       		.uleb128 0xb
 1138 002e 03       		.uleb128 0x3
 1139 002f 08       		.uleb128 0x8
 1140 0030 00       		.byte	0
 1141 0031 00       		.byte	0
 1142 0032 05       		.uleb128 0x5
 1143 0033 01       		.uleb128 0x1
 1144 0034 01       		.byte	0x1
 1145 0035 49       		.uleb128 0x49
 1146 0036 13       		.uleb128 0x13
 1147 0037 01       		.uleb128 0x1
 1148 0038 13       		.uleb128 0x13
 1149 0039 00       		.byte	0
 1150 003a 00       		.byte	0
 1151 003b 06       		.uleb128 0x6
 1152 003c 21       		.uleb128 0x21
 1153 003d 00       		.byte	0
 1154 003e 49       		.uleb128 0x49
 1155 003f 13       		.uleb128 0x13
 1156 0040 2F       		.uleb128 0x2f
 1157 0041 05       		.uleb128 0x5
 1158 0042 00       		.byte	0
 1159 0043 00       		.byte	0
 1160 0044 07       		.uleb128 0x7
 1161 0045 26       		.uleb128 0x26
 1162 0046 00       		.byte	0
 1163 0047 49       		.uleb128 0x49
 1164 0048 13       		.uleb128 0x13
 1165 0049 00       		.byte	0
 1166 004a 00       		.byte	0
 1167 004b 08       		.uleb128 0x8
 1168 004c 34       		.uleb128 0x34
 1169 004d 00       		.byte	0
 1170 004e 03       		.uleb128 0x3
 1171 004f 0E       		.uleb128 0xe
 1172 0050 3A       		.uleb128 0x3a
 1173 0051 0B       		.uleb128 0xb
 1174 0052 3B       		.uleb128 0x3b
 1175 0053 0B       		.uleb128 0xb
 1176 0054 49       		.uleb128 0x49
 1177 0055 13       		.uleb128 0x13
 1178 0056 3F       		.uleb128 0x3f
 1179 0057 19       		.uleb128 0x19
 1180 0058 02       		.uleb128 0x2
 1181 0059 18       		.uleb128 0x18
 1182 005a 00       		.byte	0
 1183 005b 00       		.byte	0
 1184 005c 09       		.uleb128 0x9
 1185 005d 21       		.uleb128 0x21
 1186 005e 00       		.byte	0
 1187 005f 49       		.uleb128 0x49
 1188 0060 13       		.uleb128 0x13
 1189 0061 2F       		.uleb128 0x2f
 1190 0062 0B       		.uleb128 0xb
 1191 0063 00       		.byte	0
 1192 0064 00       		.byte	0
 1193 0065 00       		.byte	0
ARM GAS  C:\Users\koppany\AppData\Local\Temp\ccfiWUpO.s 			page 22


 1194              		.section	.debug_aranges,"",%progbits
 1195 0000 14000000 		.4byte	0x14
 1196 0004 0200     		.2byte	0x2
 1197 0006 00000000 		.4byte	.Ldebug_info0
 1198 000a 04       		.byte	0x4
 1199 000b 00       		.byte	0
 1200 000c 0000     		.2byte	0
 1201 000e 0000     		.2byte	0
 1202 0010 00000000 		.4byte	0
 1203 0014 00000000 		.4byte	0
 1204              		.section	.debug_line,"",%progbits
 1205              	.Ldebug_line0:
 1206 0000 3D010000 		.section	.debug_str,"MS",%progbits,1
 1206      02003701 
 1206      00000201 
 1206      FB0E0D00 
 1206      01010101 
 1207              	.LASF9:
 1208 0000 5F5F7569 		.ascii	"__uint8_t\000"
 1208      6E74385F 
 1208      7400
 1209              	.LASF16:
 1210 000a 63795F6D 		.ascii	"cy_metadata\000"
 1210      65746164 
 1210      61746100 
 1211              	.LASF1:
 1212 0016 756E7369 		.ascii	"unsigned char\000"
 1212      676E6564 
 1212      20636861 
 1212      7200
 1213              	.LASF17:
 1214 0024 474E5520 		.ascii	"GNU C11 5.4.1 20160609 (release) [ARM/embedded-5-br"
 1214      43313120 
 1214      352E342E 
 1214      31203230 
 1214      31363036 
 1215 0057 616E6368 		.ascii	"anch revision 237715] -mcpu=cortex-m3 -mthumb -g -O"
 1215      20726576 
 1215      6973696F 
 1215      6E203233 
 1215      37373135 
 1216 008a 67202D66 		.ascii	"g -ffunction-sections -ffat-lto-objects\000"
 1216      66756E63 
 1216      74696F6E 
 1216      2D736563 
 1216      74696F6E 
 1217              	.LASF5:
 1218 00b2 6C6F6E67 		.ascii	"long unsigned int\000"
 1218      20756E73 
 1218      69676E65 
 1218      6420696E 
 1218      7400
 1219              	.LASF3:
 1220 00c4 73686F72 		.ascii	"short unsigned int\000"
 1220      7420756E 
 1220      7369676E 
 1220      65642069 
ARM GAS  C:\Users\koppany\AppData\Local\Temp\ccfiWUpO.s 			page 23


 1220      6E7400
 1221              	.LASF13:
 1222 00d7 63795F6D 		.ascii	"cy_meta_custnvl\000"
 1222      6574615F 
 1222      63757374 
 1222      6E766C00 
 1223              	.LASF12:
 1224 00e7 63795F6D 		.ascii	"cy_meta_configecc\000"
 1224      6574615F 
 1224      636F6E66 
 1224      69676563 
 1224      6300
 1225              	.LASF8:
 1226 00f9 756E7369 		.ascii	"unsigned int\000"
 1226      676E6564 
 1226      20696E74 
 1226      00
 1227              	.LASF7:
 1228 0106 6C6F6E67 		.ascii	"long long unsigned int\000"
 1228      206C6F6E 
 1228      6720756E 
 1228      7369676E 
 1228      65642069 
 1229              	.LASF10:
 1230 011d 75696E74 		.ascii	"uint8_t\000"
 1230      385F7400 
 1231              	.LASF15:
 1232 0125 63795F6D 		.ascii	"cy_meta_flashprotect\000"
 1232      6574615F 
 1232      666C6173 
 1232      6870726F 
 1232      74656374 
 1233              	.LASF14:
 1234 013a 63795F6D 		.ascii	"cy_meta_wonvl\000"
 1234      6574615F 
 1234      776F6E76 
 1234      6C00
 1235              	.LASF11:
 1236 0148 73697A65 		.ascii	"sizetype\000"
 1236      74797065 
 1236      00
 1237              	.LASF6:
 1238 0151 6C6F6E67 		.ascii	"long long int\000"
 1238      206C6F6E 
 1238      6720696E 
 1238      7400
 1239              	.LASF19:
 1240 015f 433A5C55 		.ascii	"C:\\Users\\koppany\\Documents\\PSoC Creator\\PSoC8C"
 1240      73657273 
 1240      5C6B6F70 
 1240      70616E79 
 1240      5C446F63 
 1241 018d 4B49542D 		.ascii	"KIT-059\\a10_UART\\UART\\ShootingGame.cydsn\000"
 1241      3035395C 
 1241      6131305F 
 1241      55415254 
 1241      5C554152 
ARM GAS  C:\Users\koppany\AppData\Local\Temp\ccfiWUpO.s 			page 24


 1242              	.LASF2:
 1243 01b6 73686F72 		.ascii	"short int\000"
 1243      7420696E 
 1243      7400
 1244              	.LASF4:
 1245 01c0 6C6F6E67 		.ascii	"long int\000"
 1245      20696E74 
 1245      00
 1246              	.LASF0:
 1247 01c9 7369676E 		.ascii	"signed char\000"
 1247      65642063 
 1247      68617200 
 1248              	.LASF18:
 1249 01d5 47656E65 		.ascii	"Generated_Source\\PSoC5\\cymetadata.c\000"
 1249      72617465 
 1249      645F536F 
 1249      75726365 
 1249      5C50536F 
 1250              		.ident	"GCC: (GNU Tools for ARM Embedded Processors) 5.4.1 20160609 (release) [ARM/embedded-5-bran
